#
# A fatal error has been detected by the Java Runtime Environment:
#
#  EXCEPTION_ACCESS_VIOLATION (0xc0000005) at pc=0x625baa3d, pid=4228, tid=10008
#
# JRE version: Java(TM) SE Runtime Environment (8.0_66-b18) (build 1.8.0_66-b18)
# Java VM: Java HotSpot(TM) Client VM (25.66-b18 mixed mode windows-x86 )
# Problematic frame:
# V  [jvm.dll+0xcaa3d]
#
# Failed to write core dump. Minidumps are not enabled by default on client versions of Windows
#
# If you would like to submit a bug report, please visit:
#   http://bugreport.java.com/bugreport/crash.jsp
#

---------------  T H R E A D  ---------------

Current thread (0x15524400):  JavaThread "JDWP Transport Listener: dt_socket" daemon [_thread_in_vm, id=10008, stack(0x15a80000,0x15ad0000)]

siginfo: ExceptionCode=0xc0000005, reading address 0x00002a2e

Registers:
EAX=0x00002a2e, EBX=0x00000000, ECX=0x00002a2e, EDX=0x00000000
ESP=0x15acfb48, EBP=0x15acfb4c, ESI=0x15524400, EDI=0x014d88c0
EIP=0x625baa3d, EFLAGS=0x00010206

Top of Stack: (sp=0x15acfb48)
0x15acfb48:   15524400 15acfb74 62717914 00002a2e
0x15acfb58:   15acfc2c 15acfbaf 15524400 00000000
0x15acfb68:   00000000 00000000 15524400 15acfbb0
0x15acfb78:   62b59f80 014d88c0 00002a2e 15acfbaf
0x15acfb88:   00002a2e 62b4436d 00002a2e 15acfbaf
0x15acfb98:   00000007 00000000 00000000 f000100a
0x15acfba8:   00000000 015462f4 15acfbd0 62b444e0
0x15acfbb8:   00000001 15acfbec 15acfc28 15636b80 

Instructions: (pc=0x625baa3d)
0x625baa1d:   5d c3 52 e8 5b f9 ff ff 5d c3 cc cc cc cc cc cc
0x625baa2d:   cc cc cc 55 8b ec 8b 45 08 85 c0 75 02 5d c3 56
0x625baa3d:   8b 30 85 f6 74 17 83 fe 37 74 12 8b 06 8b 50 08
0x625baa4d:   8b ce ff d2 84 c0 74 05 8b c6 5e 5d c3 33 c0 5e 


Register to memory mapping:

EAX=0x00002a2e is an unknown value
EBX=0x00000000 is an unknown value
ECX=0x00002a2e is an unknown value
EDX=0x00000000 is an unknown value
ESP=0x15acfb48 is pointing into the stack for thread: 0x15524400
EBP=0x15acfb4c is pointing into the stack for thread: 0x15524400
ESI=0x15524400 is a thread
EDI=0x014d88c0 is an unknown value


Stack: [0x15a80000,0x15ad0000],  sp=0x15acfb48,  free space=318k
Native frames: (J=compiled Java code, j=interpreted, Vv=VM code, C=native code)
V  [jvm.dll+0xcaa3d]
V  [jvm.dll+0x227914]
C  [jdwp.dll+0x19f80]
C  [jdwp.dll+0x44e0]
C  [jdwp.dll+0x451e]
C  0xea5e1501


---------------  P R O C E S S  ---------------

Java Threads: ( => current thread )
  0x15557800 JavaThread "Service Thread" daemon [_thread_blocked, id=5236, stack(0x15cc0000,0x15d10000)]
  0x1553ac00 JavaThread "C1 CompilerThread0" daemon [_thread_blocked, id=1344, stack(0x15c30000,0x15c80000)]
  0x15531400 JavaThread "JDWP Command Reader" daemon [_thread_in_native, id=11296, stack(0x15ba0000,0x15bf0000)]
  0x1552e400 JavaThread "JDWP Event Helper Thread" daemon [_thread_blocked, id=7564, stack(0x15b10000,0x15b60000)]
=>0x15524400 JavaThread "JDWP Transport Listener: dt_socket" daemon [_thread_in_vm, id=10008, stack(0x15a80000,0x15ad0000)]
  0x15528c00 JavaThread "Attach Listener" daemon [_thread_blocked, id=9968, stack(0x159d0000,0x15a20000)]
  0x15527000 JavaThread "Signal Dispatcher" daemon [_thread_blocked, id=8472, stack(0x15940000,0x15990000)]
  0x154f4800 JavaThread "Finalizer" daemon [_thread_blocked, id=8496, stack(0x157c0000,0x15810000)]
  0x154f3400 JavaThread "Reference Handler" daemon [_thread_blocked, id=8052, stack(0x15730000,0x15780000)]
  0x014dd000 JavaThread "main" [_thread_blocked, id=9420, stack(0x014e0000,0x01530000)]

Other Threads:
  0x02e8d800 VMThread [stack: 0x154a0000,0x154f0000] [id=4108]
  0x15569c00 WatcherThread [stack: 0x15d50000,0x15da0000] [id=10152]

VM state:not at safepoint (normal execution)

VM Mutex/Monitor currently owned by a thread: None

Heap:
 def new generation   total 4928K, used 2308K [0x05000000, 0x05550000, 0x0a550000)
  eden space 4416K,  52% used [0x05000000, 0x05241050, 0x05450000)
  from space 512K,   0% used [0x05450000, 0x05450000, 0x054d0000)
  to   space 512K,   0% used [0x054d0000, 0x054d0000, 0x05550000)
 tenured generation   total 10944K, used 0K [0x0a550000, 0x0b000000, 0x15000000)
   the space 10944K,   0% used [0x0a550000, 0x0a550000, 0x0a550200, 0x0b000000)
 Metaspace       used 2443K, capacity 2601K, committed 2624K, reserved 4480K

Card table byte_map: [0x04f10000,0x04fa0000] byte_map_base: 0x04ee8000

Polling page: 0x01530000

CodeCache: size=32768Kb used=746Kb max_used=746Kb free=32021Kb
 bounds [0x02e90000, 0x02f50000, 0x04e90000]
 total_blobs=234 nmethods=98 adapters=75
 compilation: enabled

Compilation events (10 events):
Event: 0.317 Thread 0x1553ac00   94             jdk.internal.org.objectweb.asm.ByteVector::putByte (39 bytes)
Event: 0.317 Thread 0x1553ac00 nmethod 94 0x02f49008 code [0x02f49110, 0x02f4920c]
Event: 0.318 Thread 0x1553ac00   95             java.lang.StringBuilder::append (8 bytes)
Event: 0.319 Thread 0x1553ac00 nmethod 95 0x02f49708 code [0x02f49810, 0x02f4990c]
Event: 0.319 Thread 0x1553ac00   96             java.lang.AbstractStringBuilder::append (50 bytes)
Event: 0.319 Thread 0x1553ac00 nmethod 96 0x02f49a48 code [0x02f49b60, 0x02f49ca4]
Event: 0.320 Thread 0x1553ac00   97             jdk.internal.org.objectweb.asm.ClassWriter::newUTF8 (70 bytes)
Event: 0.320 Thread 0x1553ac00 nmethod 97 0x02f49e08 code [0x02f49f50, 0x02f4a128]
Event: 0.321 Thread 0x1553ac00   98             java.lang.StringBuilder::append (8 bytes)
Event: 0.321 Thread 0x1553ac00 nmethod 98 0x02f4a308 code [0x02f4a400, 0x02f4a49c]

GC Heap History (0 events):
No events

Deoptimization events (0 events):
No events

Internal exceptions (4 events):
Event: 0.062 Thread 0x014dd000 Exception <a 'java/lang/NoSuchMethodError': Method sun.misc.Unsafe.defineClass(Ljava/lang/String;[BII)Ljava/lang/Class; name or signature does not match> (0x0500c548) thrown at [C:\re\workspace\8-2-build-windows-i586-cygwin\jdk8u66\5298\hotspot\src\share\v2·¼ °?
Event: 0.063 Thread 0x014dd000 Exception <a 'java/lang/NoSuchMethodError': Method sun.misc.Unsafe.prefetchRead(Ljava/lang/Object;J)V name or signature does not match> (0x0500c818) thrown at [C:\re\workspace\8-2-build-windows-i586-cygwin\jdk8u66\5298\hotspot\src\share\vm\prims\jni.cpp, lWmç–öOÓ?
Event: 0.302 Thread 0x014dd000 Exception <a 'java/lang/NoSuchFieldError': method resolution failed> (0x0518b1d8) thrown at [C:\re\workspace\8-2-build-windows-i586-cygwin\jdk8u66\5298\hotspot\src\share\vm\prims\methodHandles.cpp, line 1146]
Event: 0.305 Thread 0x014dd000 Exception <a 'java/lang/NoSuchFieldError': method resolution failed> (0x051974d8) thrown at [C:\re\workspace\8-2-build-windows-i586-cygwin\jdk8u66\5298\hotspot\src\share\vm\prims\methodHandles.cpp, line 1146]

Events (10 events):
Event: 440.623 Executing VM operation: ChangeBreakpoints
Event: 440.623 Executing VM operation: ChangeBreakpoints done
Event: 440.624 Executing VM operation: ChangeBreakpoints
Event: 440.624 Executing VM operation: ChangeBreakpoints done
Event: 485.681 Executing VM operation: ChangeBreakpoints
Event: 485.681 Executing VM operation: ChangeBreakpoints done
Event: 540.015 loading class java/util/concurrent/ExecutionException
Event: 540.015 loading class java/util/concurrent/ExecutionException done
Event: 540.018 Executing VM operation: RedefineClasses
Event: 540.018 Executing VM operation: RedefineClasses done


Dynamic libraries:
0x003e0000 - 0x00413000 	C:\NEENU\SSUI\Tools\jdk-1.8u66\jdk-1.8u66\bin\java.exe
0x77e10000 - 0x77f93000 	C:\WINDOWS\SYSTEM32\ntdll.dll
0x77870000 - 0x77950000 	C:\WINDOWS\System32\KERNEL32.DLL
0x75560000 - 0x75701000 	C:\WINDOWS\System32\KERNELBASE.dll
0x64050000 - 0x640e2000 	C:\WINDOWS\system32\apphelp.dll
0x76ca0000 - 0x76d17000 	C:\WINDOWS\System32\ADVAPI32.dll
0x76db0000 - 0x76e6e000 	C:\WINDOWS\System32\msvcrt.dll
0x76b10000 - 0x76b51000 	C:\WINDOWS\System32\sechost.dll
0x774e0000 - 0x775a1000 	C:\WINDOWS\System32\RPCRT4.dll
0x748d0000 - 0x748ee000 	C:\WINDOWS\System32\SspiCli.dll
0x748c0000 - 0x748ca000 	C:\WINDOWS\System32\CRYPTBASE.dll
0x77960000 - 0x779ba000 	C:\WINDOWS\System32\bcryptPrimitives.dll
0x77b90000 - 0x77cef000 	C:\WINDOWS\System32\USER32.dll
0x74950000 - 0x74965000 	C:\WINDOWS\System32\win32u.dll
0x776e0000 - 0x7770b000 	C:\WINDOWS\System32\GDI32.dll
0x77710000 - 0x7786b000 	C:\WINDOWS\System32\gdi32full.dll
0x6f5c0000 - 0x6f7ca000 	C:\WINDOWS\WinSxS\x86_microsoft.windows.common-controls_6595b64144ccf1df_6.0.14393.953_none_89c2555adb023171\COMCTL32.dll
0x76e70000 - 0x77081000 	C:\WINDOWS\System32\combase.dll
0x77300000 - 0x773e0000 	C:\WINDOWS\System32\ucrtbase.dll
0x776b0000 - 0x776d5000 	C:\WINDOWS\System32\IMM32.DLL
0x628c0000 - 0x6297f000 	C:\NEENU\SSUI\Tools\jdk-1.8u66\jdk-1.8u66\jre\bin\msvcr100.dll
0x624f0000 - 0x628b5000 	C:\NEENU\SSUI\Tools\jdk-1.8u66\jdk-1.8u66\jre\bin\client\jvm.dll
0x77cf0000 - 0x77cf6000 	C:\WINDOWS\System32\PSAPI.DLL
0x73980000 - 0x73988000 	C:\WINDOWS\SYSTEM32\WSOCK32.dll
0x77640000 - 0x776a3000 	C:\WINDOWS\System32\WS2_32.dll
0x731a0000 - 0x731c4000 	C:\WINDOWS\SYSTEM32\WINMM.dll
0x72f50000 - 0x72f58000 	C:\WINDOWS\SYSTEM32\VERSION.dll
0x73170000 - 0x73193000 	C:\WINDOWS\SYSTEM32\WINMMBASE.dll
0x76d20000 - 0x76d56000 	C:\WINDOWS\System32\cfgmgr32.dll
0x65f90000 - 0x65f9c000 	C:\NEENU\SSUI\Tools\jdk-1.8u66\jdk-1.8u66\jre\bin\verify.dll
0x636b0000 - 0x636d1000 	C:\NEENU\SSUI\Tools\jdk-1.8u66\jdk-1.8u66\jre\bin\java.dll
0x62b40000 - 0x62b69000 	C:\NEENU\SSUI\Tools\jdk-1.8u66\jdk-1.8u66\jre\bin\jdwp.dll
0x64450000 - 0x64457000 	C:\NEENU\SSUI\Tools\jdk-1.8u66\jdk-1.8u66\jre\bin\npt.dll
0x635f0000 - 0x63603000 	C:\NEENU\SSUI\Tools\jdk-1.8u66\jdk-1.8u66\jre\bin\zip.dll
0x75710000 - 0x76ae8000 	C:\WINDOWS\System32\SHELL32.dll
0x74a60000 - 0x74fce000 	C:\WINDOWS\System32\windows.storage.dll
0x76d60000 - 0x76da5000 	C:\WINDOWS\System32\powrprof.dll
0x773e0000 - 0x77426000 	C:\WINDOWS\System32\shlwapi.dll
0x76b00000 - 0x76b0d000 	C:\WINDOWS\System32\kernel.appcore.dll
0x753e0000 - 0x75468000 	C:\WINDOWS\System32\shcore.dll
0x774d0000 - 0x774df000 	C:\WINDOWS\System32\profapi.dll
0x5f560000 - 0x5f568000 	C:\NEENU\SSUI\Tools\jdk-1.8u66\jdk-1.8u66\jre\bin\dt_socket.dll
0x73e00000 - 0x73e4e000 	C:\WINDOWS\system32\mswsock.dll
0x73e80000 - 0x73fc5000 	C:\WINDOWS\SYSTEM32\dbghelp.dll

VM Arguments:
jvm_args: -agentlib:jdwp=transport=dt_socket,address=127.0.0.1:53398,suspend=y,server=n -Dfile.encoding=UTF-8 
java_command: ConcurrencyJava8
java_class_path (initial): C:\NEENU\SSUI\Tools\jdk-1.8u66\jdk-1.8u66\jre\lib\charsets.jar;C:\NEENU\SSUI\Tools\jdk-1.8u66\jdk-1.8u66\jre\lib\deploy.jar;C:\NEENU\SSUI\Tools\jdk-1.8u66\jdk-1.8u66\jre\lib\ext\access-bridge-32.jar;C:\NEENU\SSUI\Tools\jdk-1.8u66\jdk-1.8u66\jre\lib\ext\access-bridge.jar;C:\NEENU\SSUI\Tools\jdk-1.8u66\jdk-1.8u66\jre\lib\ext\cldrdata.jar;C:\NEENU\SSUI\Tools\jdk-1.8u66\jdk-1.8u66\jre\lib\ext\dnsns.jar;C:\NEENU\SSUI\Tools\jdk-1.8u66\jdk-1.8u66\jre\lib\ext\jaccess.jar;C:\NEENU\SSUI\Tools\jdk-1.8u66\jdk-1.8u66\jre\lib\ext\jfxrt.jar;C:\NEENU\SSUI\Tools\jdk-1.8u66\jdk-1.8u66\jre\lib\ext\localedata.jar;C:\NEENU\SSUI\Tools\jdk-1.8u66\jdk-1.8u66\jre\lib\ext\nashorn.jar;C:\NEENU\SSUI\Tools\jdk-1.8u66\jdk-1.8u66\jre\lib\ext\sunec.jar;C:\NEENU\SSUI\Tools\jdk-1.8u66\jdk-1.8u66\jre\lib\ext\sunjce_provider.jar;C:\NEENU\SSUI\Tools\jdk-1.8u66\jdk-1.8u66\jre\lib\ext\sunmscapi.jar;C:\NEENU\SSUI\Tools\jdk-1.8u66\jdk-1.8u66\jre\lib\ext\sunpkcs11.jar;C:\NEENU\SSUI\Tools\jdk-1.8u66\jdk-1.8u66\jre\lib\ext\zipfs.jar;C:\NEENU\SSUI\Tools\jdk-1.8u66\jdk-1.8u66\jre\lib\javaws.jar;C:\NEENU\SSUI\Tools\jdk-1.8u66\jdk-1.8u66\jre\lib\jce.jar;C:\NEENU\SSUI\Tools\jdk-1.8u66\jdk-1.8u66\jre\lib\jfr.jar;C:\NEENU\SSUI\Tools\jdk-1.8u66\jdk-1.8u66\jre\lib\jfxswt.jar;C:\NEENU\SSUI\Tools\jdk-1.8u66\jdk-1.8u66\jre\lib\jsse.jar;C:\NEENU\SSUI\Tools\jdk-1.8u66\jdk-1.8u66\jre\lib\management-agent.jar;C:\NEENU\SSUI\Tools\jdk-1.8u66\jdk-1.8u66\jre\lib\plugin.jar;C:\NEENU\SSUI\Tools\jdk-1.8u66\jdk-1.8u66\jre\lib\resources.jar;C:\NEENU\SSUI\Tools\jdk-1.8u66\jdk-1.8u66\jre\lib\rt.jar;C:\NEENU\MY learning\out\production\MY learning;C:\NEENU\SSUI\Tools\JetBrains\IntelliJ IDEA 2017.1.4\lib\idea_rt.jar
Launcher Type: SUN_STANDARD

Environment Variables:
JAVA_HOME=C:\Users\S416995\OneDrive - emiratesgroup\D\SSUI\Tools\jdk-1.8u66\jdk-1.8u66
PATH=C:\WINDOWS\system32;C:\WINDOWS;C:\WINDOWS\System32\Wbem;C:\WINDOWS\System32\WindowsPowerShell\v1.0\;C:\Program Files\Intel\WiFi\bin\;C:\Program Files\Common Files\Intel\WirelessCommon\;M:\Ora12c\product\12.1.0\client_1\bin;M:\Ora11g\oraclient11g\product\11.2.0\client_1\bin;C:\Program Files\TortoiseSVN\bin;C:\Program Files\Git\cmd;C:\Users\S416995\AppData\Local\Microsoft\WindowsApps;
USERNAME=S416995
OS=Windows_NT
PROCESSOR_IDENTIFIER=Intel64 Family 6 Model 61 Stepping 4, GenuineIntel



---------------  S Y S T E M  ---------------

OS: Windows 10.0 , 64 bit Build 14393 (10.0.14393.1198)

CPU:total 4 (2 cores per cpu, 2 threads per core) family 6 model 61 stepping 4, cmov, cx8, fxsr, mmx, sse, sse2, sse3, ssse3, sse4.1, sse4.2, popcnt, avx, avx2, aes, clmul, erms, rtm, 3dnowpref, lzcnt, ht, tsc, tscinvbit, bmi1, bmi2, adx

Memory: 4k page, physical 12271988k(6195232k free), swap 14106996k(6230524k free)

vm_info: Java HotSpot(TM) Client VM (25.66-b18) for windows-x86 JRE (1.8.0_66-b18), built on Nov  9 2015 10:58:29 by "java_re" with MS VC++ 10.0 (VS2010)

time: Mon Jul 03 15:23:53 2017
elapsed time: 540 seconds (0d 0h 9m 0s)

